#
# There is insufficient memory for the Java Runtime Environment to continue.
# Native memory allocation (malloc) failed to allocate 920736 bytes for Chunk::new
# Possible reasons:
#   The system is out of physical RAM or swap space
#   The process is running with CompressedOops enabled, and the Java Heap may be blocking the growth of the native heap
# Possible solutions:
#   Reduce memory load on the system
#   Increase physical memory or swap space
#   Check if swap backing store is full
#   Decrease Java heap size (-Xmx/-Xms)
#   Decrease number of Java threads
#   Decrease Java thread stack sizes (-Xss)
#   Set larger code cache with -XX:ReservedCodeCacheSize=
#   JVM is running with Unscaled Compressed Oops mode in which the Java heap is
#     placed in the first 4GB address space. The Java Heap base address is the
#     maximum limit for the native heap growth. Please use -XX:HeapBaseMinAddress
#     to set the Java Heap base and to place the Java Heap above 4GB virtual address.
# This output file may be truncated or incomplete.
#
#  Out of Memory Error (allocation.cpp:389), pid=7432, tid=0x0000000000004474
#
# JRE version: Java(TM) SE Runtime Environment (8.0_251-b08) (build 1.8.0_251-b08)
# Java VM: Java HotSpot(TM) 64-Bit Server VM (25.251-b08 mixed mode windows-amd64 compressed oops)
# Failed to write core dump. Minidumps are not enabled by default on client versions of Windows
#

---------------  T H R E A D  ---------------

Current thread (0x0000000019bc0000):  JavaThread "C2 CompilerThread1" daemon [_thread_in_native, id=17524, stack(0x000000001b330000,0x000000001b430000)]

Stack: [0x000000001b330000,0x000000001b430000]
[error occurred during error reporting (printing stack bounds), id 0xc0000005]

Native frames: (J=compiled Java code, j=interpreted, Vv=VM code, C=native code)


Current CompileTask:
C2:  45862 5846   !   4       org.springframework.web.servlet.DispatcherServlet::doDispatch (543 bytes)


---------------  P R O C E S S  ---------------

Java Threads: ( => current thread )
  0x000000001e799000 JavaThread "http-nio-8080-exec-10" daemon [_thread_blocked, id=12884, stack(0x0000000024e30000,0x0000000024f30000)]
  0x000000001e793000 JavaThread "http-nio-8080-exec-9" daemon [_thread_blocked, id=16508, stack(0x0000000024d30000,0x0000000024e30000)]
  0x000000001e794000 JavaThread "http-nio-8080-exec-8" daemon [_thread_blocked, id=11532, stack(0x0000000024c30000,0x0000000024d30000)]
  0x000000001e798800 JavaThread "http-nio-8080-exec-7" daemon [_thread_blocked, id=11692, stack(0x0000000024b30000,0x0000000024c30000)]
  0x000000001e794800 JavaThread "http-nio-8080-exec-6" daemon [_thread_blocked, id=9600, stack(0x0000000024a30000,0x0000000024b30000)]
  0x000000001e791800 JavaThread "http-nio-8080-exec-5" daemon [_thread_blocked, id=4376, stack(0x0000000024930000,0x0000000024a30000)]
  0x000000001e791000 JavaThread "http-nio-8080-exec-4" daemon [_thread_blocked, id=4916, stack(0x0000000024830000,0x0000000024930000)]
  0x000000001f9c8000 JavaThread "http-nio-8080-exec-3" daemon [_thread_blocked, id=12664, stack(0x0000000023420000,0x0000000023520000)]
  0x000000001f9c7000 JavaThread "http-nio-8080-exec-2" daemon [_thread_blocked, id=11492, stack(0x000000001d240000,0x000000001d340000)]
  0x000000001f9c9800 JavaThread "http-nio-8080-exec-1" daemon [_thread_blocked, id=7080, stack(0x000000001d140000,0x000000001d240000)]
  0x000000001f9c6800 JavaThread "DestroyJavaVM" [_thread_blocked, id=7440, stack(0x00000000031a0000,0x00000000032a0000)]
  0x00000000227d3000 JavaThread "http-nio-8080-Acceptor" daemon [_thread_in_native, id=17552, stack(0x0000000023560000,0x0000000023660000)]
  0x0000000022c11000 JavaThread "http-nio-8080-Poller" daemon [_thread_in_native, id=5632, stack(0x0000000023220000,0x0000000023320000)]
  0x000000001f92f000 JavaThread "Live Reload Server" daemon [_thread_in_native, id=18804, stack(0x0000000023320000,0x0000000023420000)]
  0x00000000202ec800 JavaThread "File Watcher" daemon [_thread_blocked, id=12304, stack(0x0000000021bb0000,0x0000000021cb0000)]
  0x000000001f9ca800 JavaThread "container-0" [_thread_blocked, id=5904, stack(0x00000000218b0000,0x00000000219b0000)]
  0x0000000022aa8800 JavaThread "Catalina-utility-2" [_thread_blocked, id=17348, stack(0x00000000217b0000,0x00000000218b0000)]
  0x0000000022b2c000 JavaThread "Catalina-utility-1" [_thread_blocked, id=17476, stack(0x000000001db40000,0x000000001dc40000)]
  0x0000000019c57000 JavaThread "Service Thread" daemon [_thread_blocked, id=4640, stack(0x000000001b630000,0x000000001b730000)]
  0x0000000019bc8800 JavaThread "C1 CompilerThread3" daemon [_thread_blocked, id=4484, stack(0x000000001b530000,0x000000001b630000)]
  0x0000000019bc4800 JavaThread "C2 CompilerThread2" daemon [_thread_blocked, id=15732, stack(0x000000001b430000,0x000000001b530000)]
=>0x0000000019bc0000 JavaThread "C2 CompilerThread1" daemon [_thread_in_native, id=17524, stack(0x000000001b330000,0x000000001b430000)]
  0x0000000019bb6000 JavaThread "C2 CompilerThread0" daemon [_thread_blocked, id=5772, stack(0x000000001b230000,0x000000001b330000)]
  0x0000000019bb4000 JavaThread "Attach Listener" daemon [_thread_blocked, id=9844, stack(0x000000001b130000,0x000000001b230000)]
  0x0000000019bb3000 JavaThread "Signal Dispatcher" daemon [_thread_blocked, id=1664, stack(0x000000001b030000,0x000000001b130000)]
  0x00000000184d5000 JavaThread "Finalizer" daemon [_thread_blocked, id=8096, stack(0x000000001ae20000,0x000000001af20000)]
  0x0000000019ba3000 JavaThread "Reference Handler" daemon [_thread_blocked, id=8144, stack(0x000000001ad20000,0x000000001ae20000)]

Other Threads:
  0x000000000339c800 VMThread [stack: 0x000000001ac20000,0x000000001ad20000] [id=2304]
  0x0000000019c7b000 WatcherThread [stack: 0x000000001b730000,0x000000001b830000] [id=4048]

VM state:not at safepoint (normal execution)

VM Mutex/Monitor currently owned by a thread: None

heap address: 0x0000000082600000, size: 2010 MB, Compressed Oops mode: 32-bit
Narrow klass base: 0x0000000000000000, Narrow klass shift: 3
Compressed class space size: 1073741824 Address: 0x0000000100000000

Heap:
 PSYoungGen      total 239616K, used 91390K [0x00000000d6200000, 0x00000000eb700000, 0x0000000100000000)
  eden space 226816K, 39% used [0x00000000d6200000,0x00000000db9a9a20,0x00000000e3f80000)
  from space 12800K, 12% used [0x00000000e3f80000,0x00000000e4115f88,0x00000000e4c00000)
  to   space 12800K, 0% used [0x00000000eaa80000,0x00000000eaa80000,0x00000000eb700000)
 ParOldGen       total 65536K, used 14053K [0x0000000082600000, 0x0000000086600000, 0x00000000d6200000)
  object space 65536K, 21% used [0x0000000082600000,0x00000000833b9740,0x0000000086600000)
 Metaspace       used 35100K, capacity 37494K, committed 37592K, reserved 1081344K
  class space    used 4356K, capacity 4772K, committed 4864K, reserved 1048576K

Card table byte_map: [0x0000000012760000,0x0000000012b50000] byte_map_base: 0x000000001234d000

Marking Bits: (ParMarkBitMap*) 0x000000006436af90
 Begin Bits: [0x00000000137f0000, 0x0000000015758000)
 End Bits:   [0x0000000015758000, 0x00000000176c0000)

Polling page: 0x00000000012e0000

CodeCache: size=245760Kb used=19399Kb max_used=19411Kb free=226360Kb
 bounds [0x00000000033a0000, 0x00000000046e0000, 0x00000000123a0000]
 total_blobs=5315 nmethods=4894 adapters=332
 compilation: enabled

Compilation events (10 events):
Event: 45.226 Thread 0x0000000019bb6000 5843       4       org.apache.catalina.authenticator.AuthenticatorBase::getJaspicProvider (23 bytes)
Event: 45.228 Thread 0x0000000019bb6000 nmethod 5843 0x0000000003ef6990 code [0x0000000003ef6ac0, 0x0000000003ef6b98]
Event: 45.253 Thread 0x0000000019bc0000 nmethod 5842 0x00000000046a4550 code [0x00000000046a4800, 0x00000000046a5e28]
Event: 45.282 Thread 0x0000000019bc4800 5844       4       org.springframework.web.filter.FormContentFilter::doFilterInternal (44 bytes)
Event: 45.283 Thread 0x0000000019bb6000 5845       4       org.springframework.context.i18n.LocaleContextHolder::setLocale (66 bytes)
Event: 45.310 Thread 0x0000000019bc4800 nmethod 5844 0x0000000003f63d10 code [0x0000000003f63f00, 0x0000000003f64a40]
Event: 45.319 Thread 0x0000000019bb6000 nmethod 5845 0x0000000003f80a50 code [0x0000000003f80c80, 0x0000000003f81720]
Event: 45.365 Thread 0x0000000019bc0000 5846   !   4       org.springframework.web.servlet.DispatcherServlet::doDispatch (543 bytes)
Event: 45.366 Thread 0x0000000019bc4800 5847   !   4       org.apache.tomcat.util.threads.ThreadPoolExecutor::getTask (177 bytes)
Event: 45.370 Thread 0x0000000019bc4800 nmethod 5847 0x0000000003f34490 code [0x0000000003f34600, 0x0000000003f347c8]

GC Heap History (10 events):
Event: 2.150 GC heap before
{Heap before GC invocations=7 (full 1):
 PSYoungGen      total 140288K, used 5442K [0x00000000d6200000, 0x00000000df500000, 0x0000000100000000)
  eden space 131072K, 0% used [0x00000000d6200000,0x00000000d6200000,0x00000000de200000)
  from space 9216K, 59% used [0x00000000dec00000,0x00000000df150bc0,0x00000000df500000)
  to   space 9728K, 0% used [0x00000000de200000,0x00000000de200000,0x00000000deb80000)
 ParOldGen       total 86016K, used 6819K [0x0000000082600000, 0x0000000087a00000, 0x00000000d6200000)
  object space 86016K, 7% used [0x0000000082600000,0x0000000082ca8ef8,0x0000000087a00000)
 Metaspace       used 20220K, capacity 21108K, committed 21248K, reserved 1067008K
  class space    used 2521K, capacity 2732K, committed 2816K, reserved 1048576K
Event: 2.188 GC heap after
Heap after GC invocations=7 (full 1):
 PSYoungGen      total 140288K, used 0K [0x00000000d6200000, 0x00000000df500000, 0x0000000100000000)
  eden space 131072K, 0% used [0x00000000d6200000,0x00000000d6200000,0x00000000de200000)
  from space 9216K, 0% used [0x00000000dec00000,0x00000000dec00000,0x00000000df500000)
  to   space 9728K, 0% used [0x00000000de200000,0x00000000de200000,0x00000000deb80000)
 ParOldGen       total 49152K, used 5760K [0x0000000082600000, 0x0000000085600000, 0x00000000d6200000)
  object space 49152K, 11% used [0x0000000082600000,0x0000000082ba00d8,0x0000000085600000)
 Metaspace       used 20220K, capacity 21108K, committed 21248K, reserved 1067008K
  class space    used 2521K, capacity 2732K, committed 2816K, reserved 1048576K
}
Event: 4.218 GC heap before
{Heap before GC invocations=8 (full 1):
 PSYoungGen      total 140288K, used 131051K [0x00000000d6200000, 0x00000000df500000, 0x0000000100000000)
  eden space 131072K, 99% used [0x00000000d6200000,0x00000000de1faff0,0x00000000de200000)
  from space 9216K, 0% used [0x00000000dec00000,0x00000000dec00000,0x00000000df500000)
  to   space 9728K, 0% used [0x00000000de200000,0x00000000de200000,0x00000000deb80000)
 ParOldGen       total 49152K, used 5760K [0x0000000082600000, 0x0000000085600000, 0x00000000d6200000)
  object space 49152K, 11% used [0x0000000082600000,0x0000000082ba00d8,0x0000000085600000)
 Metaspace       used 27571K, capacity 29276K, committed 29440K, reserved 1075200K
  class space    used 3524K, capacity 3824K, committed 3840K, reserved 1048576K
Event: 4.228 GC heap after
Heap after GC invocations=8 (full 1):
 PSYoungGen      total 140800K, used 9697K [0x00000000d6200000, 0x00000000e5900000, 0x0000000100000000)
  eden space 131072K, 0% used [0x00000000d6200000,0x00000000d6200000,0x00000000de200000)
  from space 9728K, 99% used [0x00000000de200000,0x00000000deb787d0,0x00000000deb80000)
  to   space 11264K, 0% used [0x00000000e4e00000,0x00000000e4e00000,0x00000000e5900000)
 ParOldGen       total 49152K, used 6231K [0x0000000082600000, 0x0000000085600000, 0x00000000d6200000)
  object space 49152K, 12% used [0x0000000082600000,0x0000000082c15fe0,0x0000000085600000)
 Metaspace       used 27571K, capacity 29276K, committed 29440K, reserved 1075200K
  class space    used 3524K, capacity 3824K, committed 3840K, reserved 1048576K
}
Event: 22.886 GC heap before
{Heap before GC invocations=9 (full 1):
 PSYoungGen      total 140800K, used 90610K [0x00000000d6200000, 0x00000000e5900000, 0x0000000100000000)
  eden space 131072K, 61% used [0x00000000d6200000,0x00000000db104120,0x00000000de200000)
  from space 9728K, 99% used [0x00000000de200000,0x00000000deb787d0,0x00000000deb80000)
  to   space 11264K, 0% used [0x00000000e4e00000,0x00000000e4e00000,0x00000000e5900000)
 ParOldGen       total 49152K, used 6231K [0x0000000082600000, 0x0000000085600000, 0x00000000d6200000)
  object space 49152K, 12% used [0x0000000082600000,0x0000000082c15fe0,0x0000000085600000)
 Metaspace       used 32974K, capacity 35362K, committed 35416K, reserved 1079296K
  class space    used 4273K, capacity 4682K, committed 4736K, reserved 1048576K
Event: 22.897 GC heap after
Heap after GC invocations=9 (full 1):
 PSYoungGen      total 233984K, used 10561K [0x00000000d6200000, 0x00000000e5880000, 0x0000000100000000)
  eden space 223232K, 0% used [0x00000000d6200000,0x00000000d6200000,0x00000000e3c00000)
  from space 10752K, 98% used [0x00000000e4e00000,0x00000000e5850420,0x00000000e5880000)
  to   space 12800K, 0% used [0x00000000e3f80000,0x00000000e3f80000,0x00000000e4c00000)
 ParOldGen       total 49152K, used 6239K [0x0000000082600000, 0x0000000085600000, 0x00000000d6200000)
  object space 49152K, 12% used [0x0000000082600000,0x0000000082c17fe0,0x0000000085600000)
 Metaspace       used 32974K, capacity 35362K, committed 35416K, reserved 1079296K
  class space    used 4273K, capacity 4682K, committed 4736K, reserved 1048576K
}
Event: 22.897 GC heap before
{Heap before GC invocations=10 (full 2):
 PSYoungGen      total 233984K, used 10561K [0x00000000d6200000, 0x00000000e5880000, 0x0000000100000000)
  eden space 223232K, 0% used [0x00000000d6200000,0x00000000d6200000,0x00000000e3c00000)
  from space 10752K, 98% used [0x00000000e4e00000,0x00000000e5850420,0x00000000e5880000)
  to   space 12800K, 0% used [0x00000000e3f80000,0x00000000e3f80000,0x00000000e4c00000)
 ParOldGen       total 49152K, used 6239K [0x0000000082600000, 0x0000000085600000, 0x00000000d6200000)
  object space 49152K, 12% used [0x0000000082600000,0x0000000082c17fe0,0x0000000085600000)
 Metaspace       used 32974K, capacity 35362K, committed 35416K, reserved 1079296K
  class space    used 4273K, capacity 4682K, committed 4736K, reserved 1048576K
Event: 22.968 GC heap after
Heap after GC invocations=10 (full 2):
 PSYoungGen      total 233984K, used 0K [0x00000000d6200000, 0x00000000e5880000, 0x0000000100000000)
  eden space 223232K, 0% used [0x00000000d6200000,0x00000000d6200000,0x00000000e3c00000)
  from space 10752K, 0% used [0x00000000e4e00000,0x00000000e4e00000,0x00000000e5880000)
  to   space 12800K, 0% used [0x00000000e3f80000,0x00000000e3f80000,0x00000000e4c00000)
 ParOldGen       total 65536K, used 14045K [0x0000000082600000, 0x0000000086600000, 0x00000000d6200000)
  object space 65536K, 21% used [0x0000000082600000,0x00000000833b7740,0x0000000086600000)
 Metaspace       used 32953K, capacity 35294K, committed 35416K, reserved 1079296K
  class space    used 4266K, capacity 4670K, committed 4736K, reserved 1048576K
}
Event: 39.000 GC heap before
{Heap before GC invocations=11 (full 2):
 PSYoungGen      total 233984K, used 223232K [0x00000000d6200000, 0x00000000e5880000, 0x0000000100000000)
  eden space 223232K, 100% used [0x00000000d6200000,0x00000000e3c00000,0x00000000e3c00000)
  from space 10752K, 0% used [0x00000000e4e00000,0x00000000e4e00000,0x00000000e5880000)
  to   space 12800K, 0% used [0x00000000e3f80000,0x00000000e3f80000,0x00000000e4c00000)
 ParOldGen       total 65536K, used 14045K [0x0000000082600000, 0x0000000086600000, 0x00000000d6200000)
  object space 65536K, 21% used [0x0000000082600000,0x00000000833b7740,0x0000000086600000)
 Metaspace       used 35064K, capacity 37494K, committed 37592K, reserved 1081344K
  class space    used 4350K, capacity 4772K, committed 4864K, reserved 1048576K
Event: 39.006 GC heap after
Heap after GC invocations=11 (full 2):
 PSYoungGen      total 239616K, used 1623K [0x00000000d6200000, 0x00000000eb700000, 0x0000000100000000)
  eden space 226816K, 0% used [0x00000000d6200000,0x00000000d6200000,0x00000000e3f80000)
  from space 12800K, 12% used [0x00000000e3f80000,0x00000000e4115f88,0x00000000e4c00000)
  to   space 12800K, 0% used [0x00000000eaa80000,0x00000000eaa80000,0x00000000eb700000)
 ParOldGen       total 65536K, used 14053K [0x0000000082600000, 0x0000000086600000, 0x00000000d6200000)
  object space 65536K, 21% used [0x0000000082600000,0x00000000833b9740,0x0000000086600000)
 Metaspace       used 35064K, capacity 37494K, committed 37592K, reserved 1081344K
  class space    used 4350K, capacity 4772K, committed 4864K, reserved 1048576K
}

Deoptimization events (10 events):
Event: 40.585 Thread 0x000000001f9c8000 Uncommon trap: reason=class_check action=maybe_recompile pc=0x00000000037c2540 method=org.springframework.web.servlet.handler.AbstractHandlerMapping.initLookupPath(Ljavax/servlet/http/HttpServletRequest;)Ljava/lang/String; @ 11
Event: 40.585 Thread 0x000000001e798800 Uncommon trap: reason=class_check action=maybe_recompile pc=0x00000000037c2540 method=org.springframework.web.servlet.handler.AbstractHandlerMapping.initLookupPath(Ljavax/servlet/http/HttpServletRequest;)Ljava/lang/String; @ 11
Event: 40.585 Thread 0x000000001f9c8000 Uncommon trap: reason=predicate action=maybe_recompile pc=0x0000000004589d6c method=org.springframework.web.servlet.handler.AbstractHandlerMethodMapping.addMatchingMappings(Ljava/util/Collection;Ljava/util/List;Ljavax/servlet/http/HttpServletRequest;)V @ 
Event: 40.585 Thread 0x000000001f9c8000 Uncommon trap: reason=class_check action=maybe_recompile pc=0x00000000035180e0 method=org.springframework.web.servlet.handler.AbstractHandlerMethodMapping.handleMatch(Ljava/lang/Object;Ljava/lang/String;Ljavax/servlet/http/HttpServletRequest;)V @ 5
Event: 40.585 Thread 0x000000001e798800 Uncommon trap: reason=class_check action=maybe_recompile pc=0x00000000035180e0 method=org.springframework.web.servlet.handler.AbstractHandlerMethodMapping.handleMatch(Ljava/lang/Object;Ljava/lang/String;Ljavax/servlet/http/HttpServletRequest;)V @ 5
Event: 40.586 Thread 0x000000001f9c8000 Uncommon trap: reason=class_check action=maybe_recompile pc=0x0000000004429394 method=org.springframework.web.servlet.mvc.method.annotation.AbstractMessageConverterMethodProcessor.writeWithMessageConverters(Ljava/lang/Object;Lorg/springframework/core/Meth
Event: 40.586 Thread 0x000000001f9c8000 Uncommon trap: reason=class_check action=maybe_recompile pc=0x00000000034a3bd8 method=org.springframework.web.servlet.mvc.method.annotation.AbstractMessageConverterMethodProcessor.isResourceType(Ljava/lang/Object;Lorg/springframework/core/MethodParameter;
Event: 40.586 Thread 0x000000001e798800 Uncommon trap: reason=class_check action=maybe_recompile pc=0x00000000034a3bd8 method=org.springframework.web.servlet.mvc.method.annotation.AbstractMessageConverterMethodProcessor.isResourceType(Ljava/lang/Object;Lorg/springframework/core/MethodParameter;
Event: 40.588 Thread 0x000000001e798800 Uncommon trap: reason=class_check action=maybe_recompile pc=0x0000000004543028 method=org.apache.coyote.http11.Http11InputBuffer.endRequest()V @ 24
Event: 40.588 Thread 0x000000001f9c8000 Uncommon trap: reason=class_check action=maybe_recompile pc=0x0000000004543028 method=org.apache.coyote.http11.Http11InputBuffer.endRequest()V @ 24

Classes redefined (0 events):
No events

Internal exceptions (10 events):
Event: 4.486 Thread 0x000000001bf67000 Exception <a 'java/lang/ClassNotFoundException': org/springframework/web/context/ServletContextAwareCustomizer> (0x00000000d83dffd0) thrown at [C:\jenkins\workspace\8-2-build-windows-amd64-cygwin\jdk8u251\737\hotspot\src\share\vm\classfile\systemDictionar
Event: 4.487 Thread 0x000000001bf67000 Exception <a 'java/lang/ClassNotFoundException': org/springframework/beans/factory/AwareCustomizer> (0x00000000d83f36e8) thrown at [C:\jenkins\workspace\8-2-build-windows-amd64-cygwin\jdk8u251\737\hotspot\src\share\vm\classfile\systemDictionary.cpp, line 
Event: 4.487 Thread 0x000000001bf67000 Implicit null exception at 0x0000000003c0b00c to 0x0000000003c0b181
Event: 4.805 Thread 0x000000001bf67000 Exception <a 'java/lang/IncompatibleClassChangeError': Found class java.lang.Object, but interface was expected> (0x00000000d9599e40) thrown at [C:\jenkins\workspace\8-2-build-windows-amd64-cygwin\jdk8u251\737\hotspot\src\share\vm\interpreter\linkResolver
Event: 25.076 Thread 0x000000001e791000 Implicit null exception at 0x0000000004170cf5 to 0x0000000004170ef1
Event: 35.660 Thread 0x000000001e791800 Implicit null exception at 0x00000000045115ed to 0x0000000004511bc9
Event: 35.683 Thread 0x000000001e791800 Implicit null exception at 0x00000000044721db to 0x00000000044724ed
Event: 35.684 Thread 0x000000001e791000 Implicit null exception at 0x0000000003c003ad to 0x0000000003c00449
Event: 35.685 Thread 0x000000001e794000 Implicit null exception at 0x00000000044a6c78 to 0x00000000044a7aa5
Event: 35.685 Thread 0x000000001e794000 Implicit null exception at 0x0000000003c00a9f to 0x0000000003c00b2d

Events (10 events):
Event: 42.333 Executing VM operation: RevokeBias done
Event: 43.456 Executing VM operation: BulkRevokeBias
Event: 43.456 Executing VM operation: BulkRevokeBias done
Event: 45.044 Thread 0x0000000019bc4800 flushing nmethod 0x0000000003614ed0
Event: 45.225 loading class javax/security/auth/message/config/AuthConfigProvider
Event: 45.225 loading class javax/security/auth/message/config/AuthConfigProvider done
Event: 45.254 Thread 0x0000000019bc0000 flushing nmethod 0x0000000003763290
Event: 45.254 Thread 0x0000000019bc0000 flushing nmethod 0x00000000037a4650
Event: 45.310 Thread 0x0000000019bc4800 flushing nmethod 0x0000000003842e50
Event: 45.310 Thread 0x0000000019bc4800 flushing nmethod 0x0000000003847790


Dynamic libraries:
0x00007ff7a7730000 - 0x00007ff7a7767000 	C:\Program Files\Java\jdk1.8.0_251\bin\java.exe
0x00007ffeb7810000 - 0x00007ffeb7a05000 	C:\WINDOWS\SYSTEM32\ntdll.dll
0x00007ffeb6a60000 - 0x00007ffeb6b1e000 	C:\WINDOWS\System32\KERNEL32.DLL
0x00007ffeb5250000 - 0x00007ffeb5518000 	C:\WINDOWS\System32\KERNELBASE.dll
0x00007ffeb5850000 - 0x00007ffeb58fe000 	C:\WINDOWS\System32\ADVAPI32.dll
0x00007ffeb65e0000 - 0x00007ffeb667e000 	C:\WINDOWS\System32\msvcrt.dll
0x00007ffeb6410000 - 0x00007ffeb64ac000 	C:\WINDOWS\System32\sechost.dll
0x00007ffeb74f0000 - 0x00007ffeb7615000 	C:\WINDOWS\System32\RPCRT4.dll
0x00007ffeb61e0000 - 0x00007ffeb6381000 	C:\WINDOWS\System32\USER32.dll
0x00007ffeb5720000 - 0x00007ffeb5742000 	C:\WINDOWS\System32\win32u.dll
0x00007ffeb61b0000 - 0x00007ffeb61db000 	C:\WINDOWS\System32\GDI32.dll
0x00007ffeb5110000 - 0x00007ffeb521d000 	C:\WINDOWS\System32\gdi32full.dll
0x00007ffeb5750000 - 0x00007ffeb57ed000 	C:\WINDOWS\System32\msvcp_win.dll
0x00007ffeb5570000 - 0x00007ffeb5670000 	C:\WINDOWS\System32\ucrtbase.dll
0x00007ffe9ec50000 - 0x00007ffe9eeea000 	C:\WINDOWS\WinSxS\amd64_microsoft.windows.common-controls_6595b64144ccf1df_6.0.19041.1110_none_60b5254171f9507e\COMCTL32.dll
0x00007ffeb74c0000 - 0x00007ffeb74f0000 	C:\WINDOWS\System32\IMM32.DLL
0x00000000643f0000 - 0x00000000644c2000 	C:\Program Files\Java\jdk1.8.0_251\jre\bin\msvcr100.dll
0x0000000063b40000 - 0x00000000643eb000 	C:\Program Files\Java\jdk1.8.0_251\jre\bin\server\jvm.dll
0x00007ffeb65d0000 - 0x00007ffeb65d8000 	C:\WINDOWS\System32\PSAPI.DLL
0x00007ffe99970000 - 0x00007ffe99979000 	C:\WINDOWS\SYSTEM32\WSOCK32.dll
0x00007ffe9f950000 - 0x00007ffe9f977000 	C:\WINDOWS\SYSTEM32\WINMM.dll
0x00007ffead8f0000 - 0x00007ffead8fa000 	C:\WINDOWS\SYSTEM32\VERSION.dll
0x00007ffeb6680000 - 0x00007ffeb66eb000 	C:\WINDOWS\System32\WS2_32.dll
0x00007ffe9ba00000 - 0x00007ffe9ba0f000 	C:\Program Files\Java\jdk1.8.0_251\jre\bin\verify.dll
0x00007ffe9b550000 - 0x00007ffe9b579000 	C:\Program Files\Java\jdk1.8.0_251\jre\bin\java.dll
0x00007ffe9a430000 - 0x00007ffe9a446000 	C:\Program Files\Java\jdk1.8.0_251\jre\bin\zip.dll
0x00007ffeb6c60000 - 0x00007ffeb73a4000 	C:\WINDOWS\System32\SHELL32.dll
0x00007ffeb2ff0000 - 0x00007ffeb3785000 	C:\WINDOWS\SYSTEM32\windows.storage.dll
0x00007ffeb66f0000 - 0x00007ffeb6a45000 	C:\WINDOWS\System32\combase.dll
0x00007ffeb4970000 - 0x00007ffeb499e000 	C:\WINDOWS\SYSTEM32\Wldp.dll
0x00007ffeb7410000 - 0x00007ffeb74bd000 	C:\WINDOWS\System32\SHCORE.dll
0x00007ffeb59e0000 - 0x00007ffeb5a35000 	C:\WINDOWS\System32\shlwapi.dll
0x00007ffeb4e60000 - 0x00007ffeb4e7f000 	C:\WINDOWS\SYSTEM32\profapi.dll
0x00007ffe9b540000 - 0x00007ffe9b54d000 	C:\Program Files\Java\jdk1.8.0_251\jre\bin\management.dll
0x00007ffe99e70000 - 0x00007ffe99e8a000 	C:\Program Files\Java\jdk1.8.0_251\jre\bin\net.dll
0x00007ffeb46d0000 - 0x00007ffeb473a000 	C:\WINDOWS\system32\mswsock.dll
0x00007ffe99990000 - 0x00007ffe999a7000 	C:\WINDOWS\system32\napinsp.dll
0x00007ffe99890000 - 0x00007ffe998ab000 	C:\WINDOWS\system32\pnrpnsp.dll
0x00007ffeafe50000 - 0x00007ffeafe65000 	C:\WINDOWS\system32\wshbth.dll
0x00007ffeb0b30000 - 0x00007ffeb0b4d000 	C:\WINDOWS\system32\NLAapi.dll
0x00007ffeb4370000 - 0x00007ffeb43ab000 	C:\WINDOWS\SYSTEM32\IPHLPAPI.DLL
0x00007ffeb43b0000 - 0x00007ffeb447b000 	C:\WINDOWS\SYSTEM32\DNSAPI.dll
0x00007ffeb5a40000 - 0x00007ffeb5a48000 	C:\WINDOWS\System32\NSI.dll
0x00007ffe99870000 - 0x00007ffe99882000 	C:\WINDOWS\System32\winrnr.dll
0x0000000064e30000 - 0x0000000064e56000 	C:\Program Files\Bonjour\mdnsNSP.dll
0x00007ffeae0c0000 - 0x00007ffeae0ca000 	C:\Windows\System32\rasadhlp.dll
0x00007ffe9c4f0000 - 0x00007ffe9c56f000 	C:\WINDOWS\System32\fwpuclnt.dll
0x00007ffeb5220000 - 0x00007ffeb5247000 	C:\WINDOWS\System32\bcrypt.dll
0x00007ffe99790000 - 0x00007ffe997a2000 	C:\Program Files\Java\jdk1.8.0_251\jre\bin\nio.dll
0x00007ffeb48d0000 - 0x00007ffeb48e8000 	C:\WINDOWS\SYSTEM32\CRYPTSP.dll
0x00007ffeb3fe0000 - 0x00007ffeb4014000 	C:\WINDOWS\system32\rsaenh.dll
0x00007ffeb4de0000 - 0x00007ffeb4e0e000 	C:\WINDOWS\SYSTEM32\USERENV.dll
0x00007ffeb5080000 - 0x00007ffeb5102000 	C:\WINDOWS\System32\bcryptprimitives.dll
0x00007ffeb48c0000 - 0x00007ffeb48cc000 	C:\WINDOWS\SYSTEM32\CRYPTBASE.dll
0x00007ffead900000 - 0x00007ffead917000 	C:\WINDOWS\SYSTEM32\dhcpcsvc6.DLL
0x00007ffead9b0000 - 0x00007ffead9cd000 	C:\WINDOWS\SYSTEM32\dhcpcsvc.DLL

VM Arguments:
jvm_args: -Dfile.encoding=windows-1252 -Duser.country=US -Duser.language=en -Duser.variant 
java_command: group.example.group.GroupApplication
java_class_path (initial): C:\Users\Aatro\Desktop\GroupiesApp\build\classes\java\main;C:\Users\Aatro\Desktop\GroupiesApp\build\resources\main;C:\Users\Aatro\.gradle\caches\modules-2\files-2.1\org.springframework.boot\spring-boot-devtools\2.6.2\2f766b028fcb09d6b3fec1f17bcc19b96ff4ebce\spring-boot-devtools-2.6.2.jar;C:\Users\Aatro\.gradle\caches\modules-2\files-2.1\org.springframework.boot\spring-boot-starter-data-jpa\2.6.2\3eb637ccd03194f1d639b9efed1ff7d73c8592e3\spring-boot-starter-data-jpa-2.6.2.jar;C:\Users\Aatro\.gradle\caches\modules-2\files-2.1\org.springframework.boot\spring-boot-starter-web\2.6.2\685b236afc0144a52383cd2c52731dd016f9badd\spring-boot-starter-web-2.6.2.jar;C:\Users\Aatro\.gradle\caches\modules-2\files-2.1\mysql\mysql-connector-java\8.0.27\f1da9f10a3de6348725a413304aab6d0aa04f923\mysql-connector-java-8.0.27.jar;C:\Users\Aatro\.gradle\caches\modules-2\files-2.1\org.springframework.boot\spring-boot-starter-aop\2.6.2\af16c0de56462ef8a6a9ac63cff30bf5120fc5b3\spring-boot-starter-aop-2.6.2.jar;C:\Users\Aatro\.gradle\caches\modules-2\files-2.1\org.springframework.boot\spring-boot-starter-jdbc\2.6.2\ff853babf286bf913d73197d0f0b521343d5e8aa\spring-boot-starter-jdbc-2.6.2.jar;C:\Users\Aatro\.gradle\caches\modules-2\files-2.1\org.springframework.boot\spring-boot-starter-json\2.6.2\c0d457ff259c487521706fd2efac75d61595d527\spring-boot-starter-json-2.6.2.jar;C:\Users\Aatro\.gradle\caches\modules-2\files-2.1\org.springframework.boot\spring-boot-starter\2.6.2\c36f1f6886cdbedc5347fdea62b97b44b053b0ba\spring-boot-starter-2.6.2.jar;C:\Users\Aatro\.gradle\caches\modules-2\files-2.1\org.springframework.boot\spring-boot-autoconfigure\2.6.2\7c91bce101d3f796cccbc1a6744c1ea389fff73f\spring-boot-autoconfigure-2.6.2.jar;C:\Users\Aatro\.gradle\caches\modules-2\files-2.1\org.springframework.boot\spring-boot\2.6.2\bbf59f411320da665411692359ff511315d0ff91\spring-boot-2.6.2.jar;C:\Users\Aatro\.gradle\caches\modules-2\files-2.1\jakarta.transaction\jakarta.transaction-api\1.3.3
Launcher Type: SUN_STANDARD

Environment Variables:
JAVA_HOME=C:\Program Files\Java\jdk1.8.0_251
PATH=C:\Python310\Scripts\;C:\Python310\;C:\Program Files\Java\jdk1.8.0_251\bin;C:\Program Files (x86)\Common Files\Oracle\Java\javapath;C:\Windows\system32;C:\Windows;C:\Windows\System32\Wbem;C:\Windows\System32\WindowsPowerShell\v1.0\;C:\Windows\System32\OpenSSH\;C:\Program Files\dotnet\;C:\Program Files\NVIDIA Corporation\NVIDIA NvDLISR;C:\Program Files (x86)\NVIDIA Corporation\PhysX\Common;C:\apache-maven-3.6.3\bin;C:\Program Files (x86)\NoteBook FanControl\;C:\Program Files (x86)\QuickTime\QTSystem\;C:\WINDOWS\system32;C:\WINDOWS;C:\WINDOWS\System32\Wbem;C:\WINDOWS\System32\WindowsPowerShell\v1.0\;C:\WINDOWS\System32\OpenSSH\;C:\Users\Aatro\Desktop\geckodriver-v0.29.1-win64;C:\Program Files (x86)\dotnet\;C:\Program Files\Git\cmd;C:\Program Files\nodejs\;C:\ProgramData\chocolatey\bin;C:\Users\Aatro\AppData\Local\Programs\Python\Python39\Scripts\;C:\Users\Aatro\AppData\Local\Programs\Python\Python39\;C:\Program Files\Java\jdk1.8.0_251\bin;"C:\Users\Aatro\AppData\Local\Microsoft\WindowsApps;.;C:\Program Files\Java\jdk-13.0.1";C:\Program Files\Java\jdk1.7.0_80\bin;C:\Users\Aatro\AppData\Local\atom\bin;C:\apache-maven-3.6.3\bin;C:\Users\Aatro\.dotnet\tools;C:\Users\Aatro\AppData\Local\Microsoft\WindowsApps;C:\Users\Aatro\Desktop\geckodriver-v0.29.1-win64;C:\Users\Aatro\AppData\Local\GitHubDesktop\bin;G:\Program Files\JetBrains\IntelliJ IDEA Community Edition 2021.2.3\bin;;C:\Users\Aatro\AppData\Roaming\npm
USERNAME=Aatro
OS=Windows_NT
PROCESSOR_IDENTIFIER=Intel64 Family 6 Model 158 Stepping 10, GenuineIntel



---------------  S Y S T E M  ---------------

OS: Windows 10.0 , 64 bit Build 19041 (10.0.19041.1466)

CPU:total 12 (initial active 12) (6 cores per cpu, 2 threads per core) family 6 model 158 stepping 10, cmov, cx8, fxsr, mmx, sse, sse2, sse3, ssse3, sse4.1, sse4.2, popcnt, avx, avx2, aes, clmul, erms, 3dnowpref, lzcnt, ht, tsc, tscinvbit, bmi1, bmi2, adx

Memory: 4k page, physical 8227124k(349604k free), swap 23015516k(5264k free)

vm_info: Java HotSpot(TM) 64-Bit Server VM (25.251-b08) for windows-amd64 JRE (1.8.0_251-b08), built on Mar 12 2020 06:31:49 by "" with MS VC++ 10.0 (VS2010)

time: Mon Jan 24 15:48:56 2022
timezone: Romance Standard Time
elapsed time: 45 seconds (0d 0h 0m 45s)

